<?xml version="1.0" encoding="UTF-8"?>
<testng-results skipped="0" failed="0" ignored="0" total="1" passed="1">
  <reporter-output>
  </reporter-output>
  <suite name="com.org.learningMaven.myMavenProject.HelloWorldTest" duration-ms="34565" started-at="2017-04-07T09:56:04Z" finished-at="2017-04-07T09:56:39Z">
    <groups>
    </groups>
    <test name="Command line test" duration-ms="34565" started-at="2017-04-07T09:56:04Z" finished-at="2017-04-07T09:56:39Z">
      <class name="com.org.learningMaven.myMavenProject.HelloWorldTest">
        <test-method status="PASS" signature="loginTest()[pri:0, instance:com.org.learningMaven.myMavenProject.HelloWorldTest@7a5d012c]" name="loginTest" duration-ms="32974" started-at="2017-04-07T17:56:04Z" finished-at="2017-04-07T17:56:37Z">
          <reporter-output>
          </reporter-output>
        </test-method> <!-- loginTest -->
        <test-method status="PASS" signature="teardown()[pri:0, instance:com.org.learningMaven.myMavenProject.HelloWorldTest@7a5d012c]" name="teardown" is-config="true" duration-ms="1554" started-at="2017-04-07T17:56:37Z" finished-at="2017-04-07T17:56:39Z">
          <reporter-output>
          </reporter-output>
        </test-method> <!-- teardown -->
      </class> <!-- com.org.learningMaven.myMavenProject.HelloWorldTest -->
    </test> <!-- Command line test -->
  </suite> <!-- com.org.learningMaven.myMavenProject.HelloWorldTest -->
</testng-results>
