<?xml version="1.0" encoding="UTF-8"?>
<testng-results skipped="0" failed="0" ignored="0" total="1" passed="1">
  <reporter-output>
  </reporter-output>
  <suite name="Default suite" duration-ms="64355" started-at="2017-04-07T09:22:32Z" finished-at="2017-04-07T09:23:36Z">
    <groups>
    </groups>
    <test name="Default test" duration-ms="64355" started-at="2017-04-07T09:22:32Z" finished-at="2017-04-07T09:23:36Z">
      <class name="com.org.learningMaven.myMavenProject.HelloWorldTest">
        <test-method status="PASS" signature="loginTest()[pri:0, instance:com.org.learningMaven.myMavenProject.HelloWorldTest@26653222]" name="loginTest" duration-ms="64311" started-at="2017-04-07T17:22:32Z" finished-at="2017-04-07T17:23:36Z">
          <reporter-output>
          </reporter-output>
        </test-method> <!-- loginTest -->
        <test-method status="PASS" signature="teardown()[pri:0, instance:com.org.learningMaven.myMavenProject.HelloWorldTest@26653222]" name="teardown" is-config="true" duration-ms="8" started-at="2017-04-07T17:23:36Z" finished-at="2017-04-07T17:23:36Z">
          <reporter-output>
          </reporter-output>
        </test-method> <!-- teardown -->
      </class> <!-- com.org.learningMaven.myMavenProject.HelloWorldTest -->
    </test> <!-- Default test -->
  </suite> <!-- Default suite -->
</testng-results>
